[2021-08-06T10:20:40.281] [INFO] info - log info output
[2021-08-06T11:18:40.781] [INFO] info - log info output
[2021-08-06T12:32:45.806] [INFO] info - log info output
[2021-08-06T15:43:59.881] [INFO] info - ****数据库连接成功****
[2021-08-06T15:48:37.565] [INFO] info - ****数据库连接成功****
[2021-08-06T15:49:56.196] [INFO] info - ****数据库连接成功****
[2021-08-06T15:50:25.191] [INFO] info - ****数据库连接成功****
[2021-08-06T15:50:51.526] [INFO] info - ****数据库连接成功****
[2021-08-06T15:52:22.741] [INFO] info - ****数据库连接成功****
[2021-08-06T15:53:57.511] [INFO] info - ****数据库连接成功****
[2021-08-06T15:56:19.812] [INFO] info - ****数据库连接成功****
[2021-08-06T15:58:44.137] [INFO] info - ****数据库连接成功****
[2021-08-06T16:00:17.513] [INFO] info - ****数据库连接成功****
[2021-08-06T16:01:21.825] [INFO] info - ****数据库连接成功****
[2021-08-06T16:01:45.923] [INFO] info - ****数据库连接成功****
[2021-08-06T16:03:02.293] [INFO] info - ****数据库连接成功****
[2021-08-06T16:03:06.051] [INFO] info - ****数据库连接成功****
[2021-08-06T16:03:12.180] [INFO] info - ****数据库连接成功****
[2021-08-06T16:05:18.151] [INFO] info - ****数据库连接成功****
[2021-08-06T16:06:09.574] [INFO] info - ****数据库连接成功****
[2021-08-06T16:06:11.121] [INFO] info - ****数据库连接成功****
[2021-08-06T16:07:52.909] [INFO] info - ****数据库连接成功****
[2021-08-06T16:18:40.173] [INFO] info - ****数据库连接成功****
[2021-08-06T16:18:48.737] [INFO] info - ****数据库连接成功****
[2021-08-06T16:21:20.325] [INFO] info - ****数据库连接成功****
[2021-08-06T16:23:49.132] [INFO] info - ****数据库连接成功****
[2021-08-06T16:23:59.874] [INFO] info - ****数据库连接成功****
[2021-08-06T16:26:20.981] [INFO] info - ****数据库连接成功****
[2021-08-06T16:31:12.120] [INFO] info - ****数据库连接成功****
[2021-08-06T16:35:02.067] [INFO] info - ****数据库连接成功****
[2021-08-06T16:35:36.764] [INFO] info - log info output
[2021-08-06T16:36:20.413] [INFO] info - log info output
[2021-08-06T16:37:01.785] [INFO] info - log info output
[2021-08-06T16:39:02.934] [INFO] info - log info output
[2021-08-06T16:40:48.045] [INFO] info - ****数据库连接成功****
[2021-08-06T16:40:53.265] [INFO] info - ****数据库连接成功****
[2021-08-06T16:41:59.334] [INFO] info - ****数据库连接成功****
[2021-08-06T16:42:07.839] [INFO] info - log info output
[2021-08-06T16:42:15.605] [INFO] info - log info output
[2021-08-06T16:42:44.675] [INFO] info - ****数据库连接成功****
[2021-08-06T16:42:48.345] [INFO] info - ****数据库连接成功****
[2021-08-06T16:42:49.329] [INFO] info - ****数据库连接成功****
[2021-08-06T16:42:55.419] [INFO] info - log info output
[2021-08-06T16:43:02.018] [INFO] info - log info output
[2021-08-06T16:43:16.882] [INFO] info - ****数据库连接成功****
[2021-08-06T16:43:20.365] [INFO] info - log info output
[2021-08-06T16:44:18.518] [INFO] info - ****数据库连接成功****
[2021-08-06T16:44:28.362] [INFO] info - log info output
[2021-08-06T16:45:29.317] [INFO] info - ****数据库连接成功****
[2021-08-06T16:45:35.103] [INFO] info - log info output
[2021-08-06T16:47:01.134] [INFO] info - log info output
[2021-08-06T16:47:09.009] [INFO] info - ****数据库连接成功****
[2021-08-06T16:47:16.060] [INFO] info - log info output
[2021-08-06T16:48:11.548] [INFO] info - ****数据库连接成功****
[2021-08-06T16:48:18.908] [INFO] info - log info output
[2021-08-06T16:49:58.021] [INFO] info - log info output
[2021-08-06T17:02:34.961] [INFO] info - log info output
[2021-08-06T17:02:39.113] [INFO] info - log info output
[2021-08-06T17:02:50.767] [INFO] info - ****数据库连接成功****
[2021-08-06T17:03:05.318] [INFO] info - log info output
[2021-08-06T17:15:37.650] [INFO] info - ****数据库连接成功****
[2021-08-06T17:19:34.164] [INFO] info - ****数据库连接成功****
[2021-08-06T17:23:27.849] [INFO] info - ****数据库连接成功****
[2021-08-06T17:24:14.495] [INFO] info - ****数据库连接成功****
[2021-08-06T17:25:27.418] [INFO] info - ****数据库连接成功****
[2021-08-06T17:25:42.361] [INFO] info - get params:{}
[2021-08-06T17:25:42.366] [INFO] info - post params:{"userName":"admin","userPwd":"123456"}
[2021-08-06T17:27:51.977] [INFO] info - get params:{}
[2021-08-06T17:27:57.413] [INFO] info - post params:{"userName":"admin","userPwd":"123456"}
[2021-08-06T17:27:59.023] [INFO] info - ****数据库连接成功****
[2021-08-06T17:28:07.575] [INFO] info - ****数据库连接成功****
[2021-08-06T17:28:12.499] [INFO] info - get params:{}
[2021-08-06T17:28:12.499] [INFO] info - post params:{"userName":"admin","userPwd":"123456"}
[2021-08-08T15:55:56.431] [INFO] info - ****数据库连接成功****
[2021-08-08T15:56:06.046] [INFO] info - get params:{}
[2021-08-08T15:56:06.047] [INFO] info - post params:{"userName":"admin","userPwd":"123456"}
[2021-08-08T15:58:53.620] [INFO] info - get params:{}
[2021-08-08T15:58:53.623] [INFO] info - post params:{"userName":"admin","userPwd":"test"}
[2021-08-08T19:41:34.659] [INFO] info - get params:{}
[2021-08-08T19:41:34.668] [INFO] info - post params:{}
[2021-08-08T19:41:34.682] [INFO] info - get params:{}
[2021-08-08T19:41:34.683] [INFO] info - post params:{}
[2021-08-08T20:00:13.215] [INFO] info - get params:{}
[2021-08-08T20:00:13.218] [INFO] info - post params:{"userName":"admin","userPwd":"123456"}
[2021-08-08T20:00:17.629] [INFO] info - get params:{}
[2021-08-08T20:00:17.629] [INFO] info - post params:{"userName":"admin","userPwd":"test"}
[2021-08-08T20:04:51.332] [INFO] info - get params:{}
[2021-08-08T20:04:51.333] [INFO] info - post params:{"userName":"admin","userPwd":"test"}
[2021-08-09T11:02:54.007] [INFO] info - ****数据库连接成功****
[2021-08-09T15:14:37.006] [INFO] info - ****数据库连接成功****
[2021-08-09T15:17:09.589] [INFO] info - ****数据库连接成功****
[2021-08-09T15:17:13.416] [INFO] info - ****数据库连接成功****
[2021-08-09T15:18:03.420] [INFO] info - ****数据库连接成功****
[2021-08-09T15:18:43.491] [INFO] info - get params:{}
[2021-08-09T15:18:43.492] [INFO] info - post params:{}
[2021-08-09T15:18:43.505] [INFO] info - get params:{}
[2021-08-09T15:18:43.506] [INFO] info - post params:{}
[2021-08-09T15:19:03.707] [INFO] info - get params:{}
[2021-08-09T15:19:03.708] [INFO] info - post params:{"userName":"admin","userPwd":"test"}
[2021-08-09T15:19:03.897] [INFO] info - get params:{}
[2021-08-09T15:19:03.898] [INFO] info - post params:{}
[2021-08-09T15:19:04.193] [INFO] info - get params:{}
[2021-08-09T15:19:04.194] [INFO] info - post params:{}
[2021-08-09T15:20:43.171] [INFO] info - ****数据库连接成功****
[2021-08-09T15:20:50.408] [INFO] info - get params:{}
[2021-08-09T15:20:50.409] [INFO] info - post params:{"userName":"admin","userPwd":"test"}
[2021-08-09T15:20:50.441] [INFO] info - eyJhbGciOiJIUzI1NiIsInR5cCI6IkpXVCJ9.eyJkYXRhIjp7ImRlcHRJZCI6W10sInN0YXRlIjoxLCJyb2xlIjoxLCJyb2xlTGlzdCI6W10sImNyZWF0ZVRpbWUiOiIyMDIxLTA4LTA5VDA3OjIwOjQzLjEwM1oiLCJsYXN0TG9naW5UaW1lIjoiMjAyMS0wOC0wOVQwNzoyMDo0My4xMDNaIiwiX2lkIjoiNjEwY2ZhNzdhYzIyN2M3NDA3ODM5YjIxIiwidXNlck5hbWUiOiJhZG1pbiIsInVzZXJQd2QiOiJ0ZXN0In0sImlhdCI6MTYyODQ5MzY1MCwiZXhwIjoxNjI4NDkzNjgwfQ.sW1viyGQqKkcPP6WG4A72XsXCREikFf5-vbyZflds-4
[2021-08-09T15:20:50.520] [INFO] info - get params:{}
[2021-08-09T15:20:50.520] [INFO] info - post params:{}
[2021-08-09T15:20:50.525] [INFO] info - get params:{}
[2021-08-09T15:20:50.526] [INFO] info - post params:{}
[2021-08-09T15:23:55.963] [INFO] info - get params:{}
[2021-08-09T15:24:10.581] [INFO] info - post params:{"userName":"admin","userPwd":"test"}
[2021-08-09T15:24:10.621] [INFO] info - get params:{}
[2021-08-09T15:24:10.622] [INFO] info - post params:{"userName":"admin","userPwd":"test"}
[2021-08-09T15:24:10.652] [INFO] info - eyJhbGciOiJIUzI1NiIsInR5cCI6IkpXVCJ9.eyJkYXRhIjp7ImRlcHRJZCI6W10sInN0YXRlIjoxLCJyb2xlIjoxLCJyb2xlTGlzdCI6W10sImNyZWF0ZVRpbWUiOiIyMDIxLTA4LTA5VDA3OjIwOjQzLjEwM1oiLCJsYXN0TG9naW5UaW1lIjoiMjAyMS0wOC0wOVQwNzoyMDo0My4xMDNaIiwiX2lkIjoiNjEwY2ZhNzdhYzIyN2M3NDA3ODM5YjIxIiwidXNlck5hbWUiOiJhZG1pbiIsInVzZXJQd2QiOiJ0ZXN0In0sImlhdCI6MTYyODQ5Mzg1MCwiZXhwIjoxNjI4NDkzODgwfQ.JdUhk_cQP5PZTVAFHR-ZmTqf9_pph-uBQbLWmAiao3w
[2021-08-09T15:24:10.656] [INFO] info - eyJhbGciOiJIUzI1NiIsInR5cCI6IkpXVCJ9.eyJkYXRhIjp7ImRlcHRJZCI6W10sInN0YXRlIjoxLCJyb2xlIjoxLCJyb2xlTGlzdCI6W10sImNyZWF0ZVRpbWUiOiIyMDIxLTA4LTA5VDA3OjIwOjQzLjEwM1oiLCJsYXN0TG9naW5UaW1lIjoiMjAyMS0wOC0wOVQwNzoyMDo0My4xMDNaIiwiX2lkIjoiNjEwY2ZhNzdhYzIyN2M3NDA3ODM5YjIxIiwidXNlck5hbWUiOiJhZG1pbiIsInVzZXJQd2QiOiJ0ZXN0In0sImlhdCI6MTYyODQ5Mzg1MCwiZXhwIjoxNjI4NDkzODgwfQ.JdUhk_cQP5PZTVAFHR-ZmTqf9_pph-uBQbLWmAiao3w
[2021-08-09T15:24:12.298] [INFO] info - ****数据库连接成功****
[2021-08-09T15:25:52.965] [INFO] info - get params:{}
[2021-08-09T15:26:20.371] [INFO] info - post params:{"userName":"admin","userPwd":"test"}
[2021-08-09T15:26:20.469] [INFO] info - {
  deptId: [],
  state: 1,
  role: 1,
  roleList: [],
  createTime: 2021-08-09T07:24:12.250Z,
  lastLoginTime: 2021-08-09T07:24:12.250Z,
  _id: 610cfa77ac227c7407839b21,
  userName: 'admin',
  userPwd: 'test'
}测试
[2021-08-09T15:26:36.477] [INFO] info - ****数据库连接成功****
[2021-08-09T15:47:15.502] [INFO] info - ****数据库连接成功****
[2021-08-09T15:47:21.310] [INFO] info - get params:{}
[2021-08-09T15:47:21.311] [INFO] info - post params:{"userName":"admin","userPwd":"test"}
[2021-08-09T15:47:21.448] [INFO] info - get params:{}
[2021-08-09T15:47:21.448] [INFO] info - post params:{}
[2021-08-09T15:47:21.450] [INFO] info - get params:{}
[2021-08-09T15:47:21.450] [INFO] info - post params:{}
[2021-08-09T15:50:00.637] [INFO] info - ****数据库连接成功****
[2021-08-09T15:50:07.271] [INFO] info - get params:{}
[2021-08-09T15:50:07.271] [INFO] info - post params:{"userName":"admin","userPwd":"test"}
[2021-08-09T15:50:07.672] [INFO] info - get params:{}
[2021-08-09T15:50:07.676] [INFO] info - post params:{}
[2021-08-09T15:50:07.681] [INFO] info - get params:{}
[2021-08-09T15:50:07.682] [INFO] info - post params:{}
[2021-08-09T15:51:34.669] [INFO] info - ****数据库连接成功****
[2021-08-09T15:51:40.292] [INFO] info - ****数据库连接成功****
[2021-08-09T16:08:54.870] [INFO] info - ****数据库连接成功****
[2021-08-09T16:09:21.907] [INFO] info - ****数据库连接成功****
[2021-08-09T16:09:33.472] [INFO] info - get params:{}
[2021-08-09T16:09:33.473] [INFO] info - post params:{}
[2021-08-09T16:09:33.500] [INFO] info - get params:{}
[2021-08-09T16:09:33.500] [INFO] info - post params:{}
[2021-08-09T16:09:35.386] [INFO] info - get params:{}
[2021-08-09T16:09:35.389] [INFO] info - post params:{}
[2021-08-09T16:09:35.402] [INFO] info - get params:{}
[2021-08-09T16:09:35.412] [INFO] info - post params:{}
[2021-08-09T16:10:07.149] [INFO] info - ****数据库连接成功****
[2021-08-09T16:10:09.922] [INFO] info - get params:{}
[2021-08-09T16:10:09.925] [INFO] info - post params:{}
[2021-08-09T16:10:09.951] [INFO] info - get params:{}
[2021-08-09T16:10:09.955] [INFO] info - post params:{}
[2021-08-09T16:10:10.383] [INFO] info - get params:{}
[2021-08-09T16:10:10.385] [INFO] info - post params:{}
[2021-08-09T16:10:10.407] [INFO] info - get params:{}
[2021-08-09T16:10:10.413] [INFO] info - post params:{}
[2021-08-09T16:10:12.446] [INFO] info - get params:{}
[2021-08-09T16:10:12.446] [INFO] info - post params:{}
[2021-08-09T16:10:12.455] [INFO] info - get params:{}
[2021-08-09T16:10:12.460] [INFO] info - post params:{}
[2021-08-09T16:15:16.785] [INFO] info - get params:{}
[2021-08-09T16:15:16.795] [INFO] info - post params:{}
[2021-08-09T16:15:16.840] [INFO] info - get params:{}
[2021-08-09T16:15:16.845] [INFO] info - post params:{}
[2021-08-09T16:15:52.528] [INFO] info - get params:{}
[2021-08-09T16:15:52.554] [INFO] info - post params:{}
[2021-08-09T16:15:52.569] [INFO] info - get params:{}
[2021-08-09T16:15:52.571] [INFO] info - post params:{}
[2021-08-09T16:17:49.307] [INFO] info - get params:{}
[2021-08-09T16:17:49.313] [INFO] info - post params:{}
[2021-08-09T16:17:49.318] [INFO] info - get params:{}
[2021-08-09T16:17:49.320] [INFO] info - post params:{}
[2021-08-09T16:17:53.144] [INFO] info - ****数据库连接成功****
[2021-08-09T16:18:59.255] [INFO] info - ****数据库连接成功****
[2021-08-09T16:19:28.333] [INFO] info - ****数据库连接成功****
[2021-08-09T16:19:57.022] [INFO] info - ****数据库连接成功****
[2021-08-09T16:20:02.221] [INFO] info - get params:{}
[2021-08-09T16:20:02.234] [INFO] info - post params:{}
[2021-08-09T16:20:02.250] [INFO] info - get params:{}
[2021-08-09T16:20:02.252] [INFO] info - post params:{}
[2021-08-09T16:22:53.983] [INFO] info - ****数据库连接成功****
[2021-08-09T16:25:16.916] [INFO] info - ****数据库连接成功****
[2021-08-09T16:26:36.190] [INFO] info - ****数据库连接成功****
[2021-08-09T16:37:51.668] [INFO] info - ****数据库连接成功****
[2021-08-09T16:38:22.826] [INFO] info - ****数据库连接成功****
[2021-08-09T16:39:15.111] [INFO] info - ****数据库连接成功****
[2021-08-09T16:39:48.867] [INFO] info - get params:{}
[2021-08-09T16:39:48.868] [INFO] info - post params:{}
[2021-08-09T16:39:48.888] [INFO] info - get params:{}
[2021-08-09T16:39:48.889] [INFO] info - post params:{}
[2021-08-09T16:40:49.386] [INFO] info - ****数据库连接成功****
[2021-08-09T16:40:51.005] [INFO] info - get params:{}
[2021-08-09T16:40:51.006] [INFO] info - post params:{}
[2021-08-09T16:40:51.051] [INFO] info - get params:{}
[2021-08-09T16:40:51.052] [INFO] info - post params:{}
[2021-08-09T16:41:23.056] [INFO] info - ****数据库连接成功****
[2021-08-09T16:41:26.962] [INFO] info - get params:{}
[2021-08-09T16:41:26.963] [INFO] info - post params:{"userName":"admin","userPwd":"test"}
[2021-08-09T16:41:40.438] [INFO] info - ****数据库连接成功****
[2021-08-09T16:41:42.921] [INFO] info - get params:{}
[2021-08-09T16:41:42.921] [INFO] info - post params:{"userName":"admin","userPwd":"test"}
[2021-08-09T16:42:31.586] [INFO] info - get params:{}
[2021-08-09T16:42:31.589] [INFO] info - post params:{}
[2021-08-09T16:42:31.738] [INFO] info - get params:{}
[2021-08-09T16:42:31.738] [INFO] info - post params:{}
[2021-08-09T16:42:40.966] [INFO] info - get params:{}
[2021-08-09T16:42:40.967] [INFO] info - post params:{}
[2021-08-09T16:42:41.175] [INFO] info - get params:{}
[2021-08-09T16:42:41.177] [INFO] info - post params:{}
[2021-08-09T16:42:57.975] [INFO] info - ****数据库连接成功****
[2021-08-09T16:43:00.231] [INFO] info - get params:{}
[2021-08-09T16:43:00.239] [INFO] info - post params:{"userName":"admin","userPwd":"test"}
[2021-08-09T16:43:12.487] [INFO] info - get params:{}
[2021-08-09T16:43:12.488] [INFO] info - post params:{"userName":"admin","userPwd":"test"}
[2021-08-09T16:44:30.886] [INFO] info - get params:{}
[2021-08-09T16:44:35.582] [INFO] info - post params:{"userName":"admin","userPwd":"test"}
[2021-08-09T16:44:37.099] [INFO] info - ****数据库连接成功****
[2021-08-09T16:44:55.114] [INFO] info - ****数据库连接成功****
[2021-08-09T16:45:00.974] [INFO] info - get params:{}
[2021-08-09T16:45:00.975] [INFO] info - post params:{"userName":"admin","userPwd":"test"}
[2021-08-09T16:52:25.945] [INFO] info - get params:{}
[2021-08-09T16:52:33.676] [INFO] info - post params:{"userName":"admin","userPwd":"test"}
[2021-08-09T16:52:35.388] [INFO] info - ****数据库连接成功****
[2021-08-09T16:52:40.360] [INFO] info - get params:{}
[2021-08-09T16:52:40.361] [INFO] info - post params:{"userName":"admin","userPwd":"test"}
[2021-08-09T16:55:11.843] [INFO] info - ****数据库连接成功****
[2021-08-09T16:55:42.845] [INFO] info - get params:{}
[2021-08-09T16:55:42.846] [INFO] info - post params:{"userName":"admin","userPwd":"test"}
[2021-08-09T16:55:43.008] [INFO] info - get params:{}
[2021-08-09T16:55:43.009] [INFO] info - post params:{}
[2021-08-09T16:55:43.031] [INFO] info - get params:{}
[2021-08-09T16:55:43.032] [INFO] info - post params:{}
[2021-08-09T16:56:20.924] [INFO] info - ****数据库连接成功****
[2021-08-09T16:58:16.504] [INFO] info - ****数据库连接成功****
[2021-08-09T16:58:35.337] [INFO] info - get params:{}
[2021-08-09T16:58:35.337] [INFO] info - post params:{"userName":"admin","userPwd":"test"}
[2021-08-09T16:58:35.460] [INFO] info - get params:{}
[2021-08-09T16:58:35.460] [INFO] info - post params:{}
[2021-08-09T16:58:35.469] [INFO] info - get params:{}
[2021-08-09T16:58:35.473] [INFO] info - post params:{}
[2021-08-09T16:59:10.929] [INFO] info - ****数据库连接成功****
[2021-08-09T17:01:57.931] [INFO] info - ****数据库连接成功****
[2021-08-09T17:03:37.858] [INFO] info - ****数据库连接成功****
[2021-08-09T17:06:51.789] [INFO] info - ****数据库连接成功****
[2021-08-09T17:09:47.036] [INFO] info - ****数据库连接成功****
[2021-08-09T17:16:53.534] [INFO] info - get params:{}
[2021-08-09T17:16:53.539] [INFO] info - post params:{}
[2021-08-09T17:16:53.570] [INFO] info - get params:{}
[2021-08-09T17:16:53.571] [INFO] info - post params:{}
[2021-08-09T17:17:42.200] [INFO] info - get params:{}
[2021-08-09T17:17:42.200] [INFO] info - post params:{"userName":"admin","userPwd":"test"}
[2021-08-09T17:20:46.472] [INFO] info - get params:{}
[2021-08-09T17:20:46.477] [INFO] info - post params:{"userName":"admin","userPwd":"test"}
[2021-08-09T18:20:14.224] [INFO] info - ****数据库连接成功****
[2021-08-09T21:31:02.204] [INFO] info - ****数据库连接成功****
[2021-08-09T21:31:33.105] [INFO] info - get params:{}
[2021-08-09T21:31:33.106] [INFO] info - post params:{"userName":"admin","userPwd":"test"}
[2021-08-12T10:01:43.312] [INFO] info - ****数据库连接成功****
[2021-08-12T16:44:31.071] [INFO] info - get params:{"userId":"","userName":"","state":"1","pageNum":"1","pageSize":"10","total":"0"}
[2021-08-12T16:45:04.658] [INFO] info - post params:{}
[2021-08-12T16:45:04.682] [INFO] info - get params:{"userId":"","userName":"","state":"1","pageNum":"1","pageSize":"10","total":"0"}
[2021-08-12T16:45:04.683] [INFO] info - post params:{}
[2021-08-12T16:45:04.684] [INFO] info - get params:{"userId":"","userName":"","state":"1","pageNum":"1","pageSize":"10","total":"0"}
[2021-08-12T16:45:04.684] [INFO] info - post params:{}
[2021-08-12T16:45:20.490] [INFO] info - ****数据库连接成功****
[2021-08-12T16:45:23.242] [INFO] info - get params:{"userId":"","userName":"","state":"1","pageNum":"1","pageSize":"10","total":"0"}
[2021-08-12T16:45:23.248] [INFO] info - post params:{}
[2021-08-12T16:45:33.759] [INFO] info - get params:{"userId":"","userName":"","state":"1","pageNum":"1","pageSize":"10","total":"0"}
[2021-08-12T16:45:33.760] [INFO] info - post params:{}
[2021-08-12T16:47:10.936] [INFO] info - get params:{}
[2021-08-12T16:47:10.936] [INFO] info - post params:{"userName":"admin","userPwd":"test"}
[2021-08-12T16:47:16.676] [INFO] info - get params:{"userId":"","userName":"","state":"1","pageNum":"1","pageSize":"10","total":"0"}
[2021-08-12T16:47:16.676] [INFO] info - post params:{}
[2021-08-12T16:47:33.673] [INFO] info - ****数据库连接成功****
[2021-08-12T16:47:36.660] [INFO] info - get params:{"userId":"","userName":"","state":"1","pageNum":"1","pageSize":"10","total":"0"}
[2021-08-12T16:47:36.670] [INFO] info - post params:{}
[2021-08-12T16:49:38.642] [INFO] info - get params:{"userId":"","userName":"","state":"1","pageNum":"1","pageSize":"10","total":"0"}
[2021-08-12T16:49:38.642] [INFO] info - post params:{}
[2021-08-12T16:50:36.469] [INFO] info - ****数据库连接成功****
[2021-08-12T16:50:38.043] [INFO] info - get params:{"userId":"","userName":"","state":"1","pageNum":"1","pageSize":"10","total":"0"}
[2021-08-12T16:50:38.048] [INFO] info - post params:{}
[2021-08-12T17:15:23.771] [INFO] info - ****数据库连接成功****
[2021-08-12T17:15:26.555] [INFO] info - ****数据库连接成功****
[2021-08-12T20:50:40.564] [INFO] info - ****数据库连接成功****
[2021-08-12T21:12:03.684] [INFO] info - get params:{"userId":"","userName":"","state":"1","pageNum":"1","pageSize":"10","total":"0"}
[2021-08-12T21:12:03.688] [INFO] info - post params:{}
[2021-08-12T21:12:08.103] [INFO] info - get params:{}
[2021-08-12T21:12:08.103] [INFO] info - post params:{"userName":"admin","userPwd":"test"}
[2021-08-12T21:12:12.848] [INFO] info - get params:{"userId":"","userName":"","state":"1","pageNum":"1","pageSize":"10","total":"0"}
[2021-08-12T21:12:12.848] [INFO] info - post params:{}
[2021-08-12T21:12:34.272] [INFO] info - get params:{"userId":"","userName":"","state":"1","pageNum":"1","pageSize":"10","total":"0"}
[2021-08-12T21:12:34.272] [INFO] info - post params:{}
[2021-08-12T21:14:30.358] [INFO] info - ****数据库连接成功****
[2021-08-12T21:14:37.863] [INFO] info - get params:{"userId":"","userName":"","state":"1","pageNum":"1","pageSize":"10","total":"0"}
[2021-08-12T21:14:37.863] [INFO] info - post params:{}
[2021-08-12T21:15:42.062] [INFO] info - get params:{"userId":"","userName":"","state":"0","pageNum":"1","pageSize":"10","total":"0"}
[2021-08-12T21:15:42.062] [INFO] info - post params:{}
[2021-08-12T21:23:43.602] [INFO] info - ****数据库连接成功****
[2021-08-12T21:33:45.090] [INFO] info - ****数据库连接成功****
[2021-08-12T21:38:33.161] [INFO] info - ****数据库连接成功****
[2021-08-12T21:38:36.214] [INFO] info - ****数据库连接成功****
[2021-08-12T21:39:01.308] [INFO] info - ****数据库连接成功****
[2021-08-12T21:39:36.576] [INFO] info - ****数据库连接成功****
[2021-08-12T21:41:38.391] [INFO] info - get params:{"userId":"","userName":"","state":"0","pageNum":"1","pageSize":"10","total":"0"}
[2021-08-12T21:41:38.393] [INFO] info - post params:{}
[2021-08-12T21:42:28.488] [INFO] info - get params:{"userId":"","userName":"","state":"0","pageNum":"1","pageSize":"10","total":"0"}
[2021-08-12T21:42:28.488] [INFO] info - post params:{}
[2021-08-12T21:43:12.394] [INFO] info - get params:{"userId":"","userName":"","state":"0","pageNum":"1","pageSize":"10","total":"0"}
[2021-08-12T21:43:12.396] [INFO] info - post params:{}
[2021-08-12T21:43:33.389] [INFO] info - get params:{"userId":"","userName":"","state":"0","pageNum":"1","pageSize":"10","total":"0"}
[2021-08-12T21:43:33.392] [INFO] info - post params:{}
[2021-08-12T21:43:53.148] [INFO] info - get params:{"userId":"","userName":"","state":"0","pageNum":"1","pageSize":"10","total":"2"}
[2021-08-12T21:43:53.148] [INFO] info - post params:{}
[2021-08-12T21:44:25.981] [INFO] info - get params:{"userId":"","userName":"","state":"0","pageNum":"1","pageSize":"10","total":"0"}
[2021-08-12T21:44:25.982] [INFO] info - post params:{}
[2021-08-12T21:44:28.939] [INFO] info - get params:{"userId":"","userName":"","state":"0","pageNum":"1","pageSize":"10","total":"0"}
[2021-08-12T21:44:28.940] [INFO] info - post params:{}
[2021-08-12T21:44:33.210] [INFO] info - get params:{}
[2021-08-12T21:44:33.211] [INFO] info - post params:{"userIds":[1000002,1000003]}
[2021-08-12T21:44:33.428] [INFO] info - get params:{"userId":"","userName":"","state":"0","pageNum":"1","pageSize":"10","total":"2"}
[2021-08-12T21:44:33.429] [INFO] info - post params:{}
[2021-08-12T21:45:19.184] [INFO] info - get params:{"userId":"","userName":"","state":"0","pageNum":"1","pageSize":"10","total":"0"}
[2021-08-12T21:45:19.184] [INFO] info - post params:{}
[2021-08-12T21:45:31.965] [INFO] info - get params:{}
[2021-08-12T21:45:31.965] [INFO] info - post params:{"userIds":[1000002]}
[2021-08-12T21:45:32.230] [INFO] info - get params:{"userId":"","userName":"","state":"0","pageNum":"1","pageSize":"10","total":"2"}
[2021-08-12T21:45:32.231] [INFO] info - post params:{}
[2021-08-12T21:46:00.888] [INFO] info - get params:{"userId":"","userName":"","state":"0","pageNum":"1","pageSize":"10","total":"0"}
[2021-08-12T21:46:00.890] [INFO] info - post params:{}
[2021-08-13T10:34:08.181] [INFO] info - ****数据库连接成功****
[2021-08-13T10:35:21.464] [INFO] info - get params:{"userId":"","userName":"","state":"0","pageNum":"1","pageSize":"10","total":"0"}
[2021-08-13T10:35:21.464] [INFO] info - post params:{}
[2021-08-13T10:35:24.322] [INFO] info - get params:{}
[2021-08-13T10:35:24.323] [INFO] info - post params:{"userName":"admin","userPwd":"test"}
[2021-08-13T10:35:27.848] [INFO] info - get params:{"userId":"","userName":"","state":"0","pageNum":"1","pageSize":"10","total":"0"}
[2021-08-13T10:35:27.848] [INFO] info - post params:{}
[2021-08-13T10:35:30.482] [INFO] info - get params:{"userId":"","userName":"","state":"0","pageNum":"1","pageSize":"10","total":"0"}
[2021-08-13T10:35:30.482] [INFO] info - post params:{}
[2021-08-13T10:35:31.418] [INFO] info - get params:{"userId":"","userName":"","state":"0","pageNum":"1","pageSize":"10","total":"0"}
[2021-08-13T10:35:31.419] [INFO] info - post params:{}
[2021-08-13T10:35:31.826] [INFO] info - get params:{"userId":"","userName":"","state":"0","pageNum":"1","pageSize":"10","total":"0"}
[2021-08-13T10:35:31.827] [INFO] info - post params:{}
[2021-08-13T10:35:32.153] [INFO] info - get params:{"userId":"","userName":"","state":"0","pageNum":"1","pageSize":"10","total":"0"}
[2021-08-13T10:35:32.154] [INFO] info - post params:{}
[2021-08-13T10:35:34.214] [INFO] info - get params:{"userId":"","userName":"","state":"0","pageNum":"1","pageSize":"10","total":"0"}
[2021-08-13T10:35:34.216] [INFO] info - post params:{}
[2021-08-13T10:35:35.194] [INFO] info - get params:{"userId":"","userName":"","state":"0","pageNum":"1","pageSize":"10","total":"0"}
[2021-08-13T10:35:35.195] [INFO] info - post params:{}
[2021-08-13T10:35:44.232] [INFO] info - get params:{"userId":"","userName":"","state":"0","pageNum":"1","pageSize":"10","total":"0"}
[2021-08-13T10:35:44.233] [INFO] info - post params:{}
[2021-08-13T10:35:45.127] [INFO] info - get params:{"userId":"","userName":"","state":"0","pageNum":"1","pageSize":"10","total":"0"}
[2021-08-13T10:35:45.128] [INFO] info - post params:{}
[2021-08-13T10:35:46.271] [INFO] info - get params:{"userId":"","userName":"","state":"0","pageNum":"1","pageSize":"10","total":"0"}
[2021-08-13T10:35:46.272] [INFO] info - post params:{}
[2021-08-13T10:35:46.861] [INFO] info - get params:{"userId":"","userName":"","state":"0","pageNum":"1","pageSize":"10","total":"0"}
[2021-08-13T10:35:46.862] [INFO] info - post params:{}
[2021-08-13T10:35:47.278] [INFO] info - get params:{"userId":"","userName":"","state":"0","pageNum":"1","pageSize":"10","total":"0"}
[2021-08-13T10:35:47.278] [INFO] info - post params:{}
[2021-08-13T10:35:47.821] [INFO] info - get params:{"userId":"","userName":"","state":"0","pageNum":"1","pageSize":"10","total":"0"}
[2021-08-13T10:35:47.822] [INFO] info - post params:{}
[2021-08-13T10:35:48.302] [INFO] info - get params:{"userId":"","userName":"","state":"0","pageNum":"1","pageSize":"10","total":"0"}
[2021-08-13T10:35:48.302] [INFO] info - post params:{}
[2021-08-13T10:35:48.668] [INFO] info - get params:{"userId":"","userName":"","state":"0","pageNum":"1","pageSize":"10","total":"0"}
[2021-08-13T10:35:48.668] [INFO] info - post params:{}
[2021-08-13T10:35:49.163] [INFO] info - get params:{"userId":"","userName":"","state":"0","pageNum":"1","pageSize":"10","total":"0"}
[2021-08-13T10:35:49.164] [INFO] info - post params:{}
[2021-08-13T10:35:49.587] [INFO] info - get params:{"userId":"","userName":"","state":"0","pageNum":"1","pageSize":"10","total":"0"}
[2021-08-13T10:35:49.587] [INFO] info - post params:{}
[2021-08-13T14:22:21.792] [INFO] info - get params:{"userId":"","userName":"","state":"0","pageNum":"1","pageSize":"10","total":"0"}
[2021-08-13T14:22:39.674] [INFO] info - post params:{}
[2021-08-13T14:22:39.700] [INFO] info - get params:{"userId":"","userName":"","state":"0","pageNum":"1","pageSize":"10","total":"0"}
[2021-08-13T14:22:39.701] [INFO] info - post params:{}
[2021-08-13T14:22:39.702] [INFO] info - get params:{"userId":"","userName":"","state":"0","pageNum":"1","pageSize":"10","total":"0"}
[2021-08-13T14:22:39.702] [INFO] info - post params:{}
[2021-08-13T14:22:44.149] [INFO] info - get params:{}
[2021-08-13T14:22:44.149] [INFO] info - post params:{"userName":"admin","userPwd":"test"}
[2021-08-13T14:22:47.689] [INFO] info - get params:{"userId":"","userName":"","state":"0","pageNum":"1","pageSize":"10","total":"0"}
[2021-08-13T14:22:47.689] [INFO] info - post params:{}
[2021-08-13T14:22:50.474] [INFO] info - get params:{"userId":"","userName":"","state":"0","pageNum":"1","pageSize":"10","total":"0"}
[2021-08-13T14:22:50.475] [INFO] info - post params:{}
[2021-08-13T14:22:52.367] [INFO] info - get params:{"userId":"","userName":"","state":"0","pageNum":"1","pageSize":"10","total":"0"}
[2021-08-13T14:22:52.367] [INFO] info - post params:{}
[2021-08-13T14:22:53.145] [INFO] info - get params:{"userId":"","userName":"","state":"0","pageNum":"1","pageSize":"10","total":"0"}
[2021-08-13T14:22:53.149] [INFO] info - post params:{}
[2021-08-13T14:22:53.567] [INFO] info - get params:{"userId":"","userName":"","state":"0","pageNum":"1","pageSize":"10","total":"0"}
[2021-08-13T14:22:53.568] [INFO] info - post params:{}
[2021-08-13T14:22:53.930] [INFO] info - get params:{"userId":"","userName":"","state":"0","pageNum":"1","pageSize":"10","total":"0"}
[2021-08-13T14:22:53.930] [INFO] info - post params:{}
[2021-08-13T14:22:54.343] [INFO] info - get params:{"userId":"","userName":"","state":"0","pageNum":"1","pageSize":"10","total":"0"}
[2021-08-13T14:22:54.343] [INFO] info - post params:{}
[2021-08-13T14:22:54.793] [INFO] info - get params:{"userId":"","userName":"","state":"0","pageNum":"1","pageSize":"10","total":"0"}
[2021-08-13T14:22:54.793] [INFO] info - post params:{}
[2021-08-13T14:22:55.247] [INFO] info - get params:{"userId":"","userName":"","state":"0","pageNum":"1","pageSize":"10","total":"0"}
[2021-08-13T14:22:55.247] [INFO] info - post params:{}
[2021-08-13T14:22:55.695] [INFO] info - get params:{"userId":"","userName":"","state":"0","pageNum":"1","pageSize":"10","total":"0"}
[2021-08-13T14:22:55.696] [INFO] info - post params:{}
[2021-08-13T14:22:56.065] [INFO] info - get params:{"userId":"","userName":"","state":"0","pageNum":"1","pageSize":"10","total":"0"}
[2021-08-13T14:22:56.065] [INFO] info - post params:{}
[2021-08-13T14:22:56.992] [INFO] info - get params:{"userId":"","userName":"","state":"0","pageNum":"1","pageSize":"10","total":"0"}
[2021-08-13T14:22:56.993] [INFO] info - post params:{}
[2021-08-13T14:22:57.401] [INFO] info - get params:{"userId":"","userName":"","state":"0","pageNum":"1","pageSize":"10","total":"0"}
[2021-08-13T14:22:57.401] [INFO] info - post params:{}
[2021-08-13T14:23:07.551] [INFO] info - get params:{"userId":"","userName":"","state":"0","pageNum":"1","pageSize":"10","total":"0"}
[2021-08-13T14:23:07.551] [INFO] info - post params:{}
[2021-08-13T14:23:11.522] [INFO] info - get params:{"userId":"","userName":"","state":"0","pageNum":"1","pageSize":"10","total":"0"}
[2021-08-13T14:23:11.523] [INFO] info - post params:{}
[2021-08-13T14:23:20.127] [INFO] info - get params:{"userId":"","userName":"","state":"0","pageNum":"1","pageSize":"10","total":"0"}
[2021-08-13T14:23:20.127] [INFO] info - post params:{}
[2021-08-13T15:29:21.349] [INFO] info - get params:{"userId":"","userName":"","state":"0","pageNum":"1","pageSize":"10","total":"0"}
[2021-08-13T15:29:21.354] [INFO] info - post params:{}
[2021-08-13T15:29:24.131] [INFO] info - get params:{}
[2021-08-13T15:29:24.131] [INFO] info - post params:{"userName":"admin","userPwd":"test"}
[2021-08-13T15:29:27.700] [INFO] info - get params:{"userId":"","userName":"","state":"0","pageNum":"1","pageSize":"10","total":"0"}
[2021-08-13T15:29:27.700] [INFO] info - post params:{}
[2021-08-13T15:29:30.401] [INFO] info - get params:{"userId":"","userName":"","state":"0","pageNum":"1","pageSize":"10","total":"0"}
[2021-08-13T15:29:30.401] [INFO] info - post params:{}
[2021-08-13T15:32:00.758] [INFO] info - get params:{"userId":"","userName":"","state":"1","pageNum":"1","pageSize":"10","total":"0"}
[2021-08-13T15:32:00.759] [INFO] info - post params:{}
[2021-08-13T15:32:03.783] [INFO] info - get params:{"userId":"","userName":"","state":"0","pageNum":"1","pageSize":"10","total":"2"}
[2021-08-13T15:32:03.783] [INFO] info - post params:{}
[2021-08-13T15:32:05.780] [INFO] info - get params:{"userId":"","userName":"","state":"1","pageNum":"1","pageSize":"10","total":"0"}
[2021-08-13T15:32:05.780] [INFO] info - post params:{}
[2021-08-13T15:32:08.801] [INFO] info - get params:{"userId":"","userName":"","state":"2","pageNum":"1","pageSize":"10","total":"2"}
[2021-08-13T15:32:08.801] [INFO] info - post params:{}
[2021-08-13T15:32:11.400] [INFO] info - get params:{"userId":"","userName":"","state":"0","pageNum":"1","pageSize":"10","total":"0"}
[2021-08-13T15:32:11.401] [INFO] info - post params:{}
[2021-08-13T15:32:12.617] [INFO] info - get params:{"userId":"","userName":"","state":"1","pageNum":"1","pageSize":"10","total":"0"}
[2021-08-13T15:32:12.617] [INFO] info - post params:{}
[2021-08-13T15:38:26.004] [INFO] info - ****数据库连接成功****
[2021-08-13T15:51:39.841] [INFO] info - ****数据库连接成功****
[2021-08-13T15:52:34.795] [INFO] info - ****数据库连接成功****
[2021-08-13T15:52:44.213] [INFO] info - ****数据库连接成功****
[2021-08-13T15:54:02.332] [INFO] info - ****数据库连接成功****
[2021-08-13T15:55:22.668] [INFO] info - ****数据库连接成功****
[2021-08-13T15:56:03.228] [INFO] info - get params:{"userId":"","userName":"","state":"1","pageNum":"1","pageSize":"10","total":"0"}
[2021-08-13T15:56:03.228] [INFO] info - post params:{}
[2021-08-13T15:56:36.703] [INFO] info - get params:{"userId":"","userName":"","state":"1","pageNum":"1","pageSize":"10","total":"0"}
[2021-08-13T15:56:36.703] [INFO] info - post params:{}
[2021-08-13T15:59:28.688] [INFO] info - ****数据库连接成功****
[2021-08-13T15:59:39.960] [INFO] info - get params:{"userId":"","userName":"","state":"1","pageNum":"1","pageSize":"10","total":"0"}
[2021-08-13T15:59:39.964] [INFO] info - post params:{}
[2021-08-13T15:59:47.150] [INFO] info - get params:{"userId":"","userName":"","state":"1","pageNum":"1","pageSize":"10","total":"0"}
[2021-08-13T15:59:47.150] [INFO] info - post params:{}
[2021-08-13T15:59:48.131] [INFO] info - get params:{"userId":"","userName":"","state":"1","pageNum":"1","pageSize":"10","total":"0"}
[2021-08-13T15:59:48.131] [INFO] info - post params:{}
[2021-08-13T15:59:51.172] [INFO] info - get params:{"userId":"","userName":"","state":"1","pageNum":"1","pageSize":"10","total":"2"}
[2021-08-13T15:59:51.173] [INFO] info - post params:{}
[2021-08-13T16:00:29.650] [INFO] info - get params:{"userId":"","userName":"","state":"1","pageNum":"1","pageSize":"10","total":"0"}
[2021-08-13T16:00:29.651] [INFO] info - post params:{}
[2021-08-13T16:01:06.596] [INFO] info - get params:{"userId":"","userName":"","state":"1","pageNum":"1","pageSize":"10","total":"0"}
[2021-08-13T16:01:06.597] [INFO] info - post params:{}
[2021-08-13T16:01:08.614] [INFO] info - get params:{"userId":"","userName":"","state":"1","pageNum":"1","pageSize":"10","total":"0"}
[2021-08-13T16:01:08.619] [INFO] info - post params:{}
[2021-08-13T16:01:32.198] [INFO] info - get params:{"userId":"","userName":"","state":"1","pageNum":"1","pageSize":"10","total":"0"}
[2021-08-13T16:01:32.198] [INFO] info - post params:{}
[2021-08-13T16:01:34.409] [INFO] info - get params:{"userId":"","userName":"","state":"1","pageNum":"1","pageSize":"10","total":"0"}
[2021-08-13T16:01:34.410] [INFO] info - post params:{}
[2021-08-13T16:03:16.095] [INFO] info - ****数据库连接成功****
[2021-08-13T16:03:18.236] [INFO] info - get params:{"userId":"","userName":"","state":"1","pageNum":"1","pageSize":"10","total":"0"}
[2021-08-13T16:03:18.238] [INFO] info - post params:{}
[2021-08-13T16:03:33.606] [INFO] info - get params:{}
[2021-08-13T16:03:33.607] [INFO] info - post params:{"userName":"admin","userEmail":"admin@imooc.com@imooc.com","mobile":"17611020001","state":3,"deptId":["60167059c9027b7d2c520a61","6016728fc6a4417f2d27506e","60167621531124822b79e124"],"job":"前端架构师1","roleList":["60180b07b1eaed6c45fbebdb","60150cb764de99631b2c3cd3"],"role":0,"createTime":"2021-01-17T13:32:06.381Z","lastLoginTime":"2021-01-17T13:32:06.381Z","userId":1000002,"__v":0,"action":"edit"}
[2021-08-13T16:11:39.658] [INFO] info - ****数据库连接成功****
[2021-08-13T16:11:52.454] [INFO] info - ****数据库连接成功****
[2021-08-13T16:11:54.474] [INFO] info - ****数据库连接成功****
[2021-08-13T16:12:00.633] [INFO] info - get params:{"userId":"","userName":"","state":"1","pageNum":"1","pageSize":"10","total":"0"}
[2021-08-13T16:12:00.644] [INFO] info - post params:{}
[2021-08-13T16:12:06.340] [INFO] info - get params:{"userId":"","userName":"","state":"0","pageNum":"1","pageSize":"10","total":"1"}
[2021-08-13T16:12:06.341] [INFO] info - post params:{}
[2021-08-13T16:12:25.662] [INFO] info - get params:{}
[2021-08-13T16:12:25.663] [INFO] info - post params:{"userName":"admin","userEmail":"admin@imooc.com@imooc.com","mobile":"17611020011","state":1,"deptId":["60167059c9027b7d2c520a61","6016735ac6a4417f2d275071"],"job":"前端工程师","roleList":["60180b07b1eaed6c45fbebdb","60150cb764de99631b2c3cd3","60180b59b1eaed6c45fbebdc"],"role":0,"createTime":"2021-01-17T13:32:06.381Z","lastLoginTime":"2021-01-17T13:32:06.381Z","userId":1000003,"__v":0,"action":"edit"}
[2021-08-13T16:12:29.713] [INFO] info - get params:{"userId":"","userName":"","state":"1","pageNum":"1","pageSize":"10","total":"0"}
[2021-08-13T16:12:29.713] [INFO] info - post params:{}
[2021-08-13T16:17:06.262] [INFO] info - ****数据库连接成功****
[2021-08-13T16:17:29.504] [INFO] info - get params:{"userId":"","userName":"","state":"1","pageNum":"1","pageSize":"10","total":"0"}
[2021-08-13T16:17:29.505] [INFO] info - post params:{}
[2021-08-13T16:17:31.034] [INFO] info - get params:{"userId":"","userName":"","state":"1","pageNum":"1","pageSize":"10","total":"0"}
[2021-08-13T16:17:31.034] [INFO] info - post params:{}
[2021-08-13T16:18:50.630] [INFO] info - ****数据库连接成功****
[2021-08-13T16:18:55.958] [INFO] info - ****数据库连接成功****
[2021-08-13T16:19:00.449] [INFO] info - ****数据库连接成功****
[2021-08-13T16:19:32.139] [INFO] info - ****数据库连接成功****
[2021-08-13T16:19:34.266] [INFO] info - get params:{"userId":"","userName":"","state":"1","pageNum":"1","pageSize":"10","total":"0"}
[2021-08-13T16:19:34.266] [INFO] info - post params:{}
[2021-08-13T16:19:41.488] [INFO] info - get params:{}
[2021-08-13T16:19:41.489] [INFO] info - post params:{"userName":"admin","userEmail":"admin@imooc.com@imooc.com","mobile":"17611020011","state":1,"deptId":["60167059c9027b7d2c520a61","6016734ec6a4417f2d275070"],"job":"前端工程师","roleList":["60180b07b1eaed6c45fbebdb","60150cb764de99631b2c3cd3","60180b59b1eaed6c45fbebdc"],"role":0,"createTime":"2021-01-17T13:32:06.381Z","lastLoginTime":"2021-01-17T13:32:06.381Z","userId":1000003,"__v":0,"action":"edit"}
[2021-08-13T16:20:32.610] [INFO] info - get params:{"userId":"","userName":"","state":"1","pageNum":"1","pageSize":"10","total":"0"}
[2021-08-13T16:20:45.807] [INFO] info - post params:{}
[2021-08-13T16:20:45.816] [INFO] info - get params:{"userId":"","userName":"","state":"1","pageNum":"1","pageSize":"10","total":"0"}
[2021-08-13T16:20:45.816] [INFO] info - post params:{}
[2021-08-13T16:20:45.818] [INFO] info - get params:{"userId":"","userName":"","state":"1","pageNum":"1","pageSize":"10","total":"0"}
[2021-08-13T16:20:45.818] [INFO] info - post params:{}
[2021-08-13T16:20:45.820] [INFO] info - get params:{"userId":"","userName":"","state":"1","pageNum":"1","pageSize":"10","total":"0"}
[2021-08-13T16:20:45.820] [INFO] info - post params:{}
[2021-08-13T16:20:46.599] [INFO] info - ****数据库连接成功****
[2021-08-13T16:21:15.314] [INFO] info - get params:{}
[2021-08-13T16:21:15.315] [INFO] info - post params:{"userName":"admin","userEmail":"admin@imooc.com@imooc.com","mobile":"17611020000","state":1,"deptId":["60167059c9027b7d2c520a61","60167345c6a4417f2d27506f"],"job":"前端架构师1","roleList":["60180b07b1eaed6c45fbebdb","60150cb764de99631b2c3cd3","60180b59b1eaed6c45fbebdc"],"role":0,"createTime":"2021-01-17T13:32:06.381Z","lastLoginTime":"2021-01-17T13:32:06.381Z","userId":1000002,"__v":0,"action":"edit"}
[2021-08-13T16:22:20.253] [INFO] info - ****数据库连接成功****
[2021-08-13T16:22:36.354] [INFO] info - ****数据库连接成功****
[2021-08-13T16:22:55.852] [INFO] info - ****数据库连接成功****
[2021-08-13T16:23:14.650] [INFO] info - ****数据库连接成功****
[2021-08-13T16:23:19.930] [INFO] info - get params:{"userId":"","userName":"","state":"1","pageNum":"1","pageSize":"10","total":"0"}
[2021-08-13T16:23:19.931] [INFO] info - post params:{}
[2021-08-13T16:23:35.325] [INFO] info - get params:{}
[2021-08-13T16:23:35.325] [INFO] info - post params:{"userName":"admin","userEmail":"admin@imooc.com@imooc.com","mobile":"17611020000","state":1,"deptId":["60167059c9027b7d2c520a61","60167345c6a4417f2d27506f"],"job":"前端架构师2","roleList":["60180b07b1eaed6c45fbebdb","60150cb764de99631b2c3cd3","60180b59b1eaed6c45fbebdc"],"role":0,"createTime":"2021-01-17T13:32:06.381Z","lastLoginTime":"2021-01-17T13:32:06.381Z","userId":1000002,"__v":0,"action":"edit"}
[2021-08-13T16:24:42.766] [INFO] info - ****数据库连接成功****
[2021-08-13T16:24:45.668] [INFO] info - ****数据库连接成功****
[2021-08-13T16:29:48.425] [INFO] info - get params:{"userId":"","userName":"","state":"1","pageNum":"1","pageSize":"10","total":"0"}
[2021-08-13T16:29:48.428] [INFO] info - post params:{}
[2021-08-13T16:29:50.985] [INFO] info - get params:{}
[2021-08-13T16:29:50.985] [INFO] info - post params:{"userName":"admin","userPwd":"test"}
[2021-08-13T16:29:54.952] [INFO] info - get params:{"userId":"","userName":"","state":"1","pageNum":"1","pageSize":"10","total":"0"}
[2021-08-13T16:29:54.952] [INFO] info - post params:{}
[2021-08-13T16:30:01.729] [INFO] info - get params:{}
[2021-08-13T16:30:01.730] [INFO] info - post params:{"userName":"admin","userEmail":"admin@imooc.com@imooc.com","mobile":"17611020000","state":1,"deptId":["60167059c9027b7d2c520a61","60167345c6a4417f2d27506f"],"job":"前端架构师12","roleList":["60180b07b1eaed6c45fbebdb","60150cb764de99631b2c3cd3","60180b59b1eaed6c45fbebdc"],"role":0,"createTime":"2021-01-17T13:32:06.381Z","lastLoginTime":"2021-01-17T13:32:06.381Z","userId":1000002,"__v":0,"action":"edit"}
[2021-08-13T16:30:13.381] [INFO] info - ****数据库连接成功****
[2021-08-13T16:30:17.570] [INFO] info - ****数据库连接成功****
[2021-08-13T16:30:27.492] [INFO] info - get params:{"userId":"","userName":"","state":"1","pageNum":"1","pageSize":"10","total":"0"}
[2021-08-13T16:30:27.502] [INFO] info - post params:{}
[2021-08-13T16:30:31.839] [INFO] info - get params:{}
[2021-08-13T16:30:31.841] [INFO] info - post params:{"userName":"admin","userEmail":"admin@imooc.com@imooc.com","mobile":"17611020000","state":1,"deptId":["60167059c9027b7d2c520a61","60167345c6a4417f2d27506f"],"job":"前端架构师12","roleList":["60180b07b1eaed6c45fbebdb","60150cb764de99631b2c3cd3","60180b59b1eaed6c45fbebdc"],"role":0,"createTime":"2021-01-17T13:32:06.381Z","lastLoginTime":"2021-01-17T13:32:06.381Z","userId":1000002,"__v":0,"action":"edit"}
[2021-08-13T16:30:31.906] [INFO] info - get params:{"userId":"","userName":"","state":"1","pageNum":"1","pageSize":"10","total":"3"}
[2021-08-13T16:30:31.907] [INFO] info - post params:{}
[2021-08-13T16:30:31.943] [INFO] info - get params:{"userId":"","userName":"","state":"1","pageNum":"1","pageSize":"10","total":"3"}
[2021-08-13T16:30:31.951] [INFO] info - post params:{}
[2021-08-13T16:30:38.465] [INFO] info - get params:{"userId":"","userName":"","state":"1","pageNum":"1","pageSize":"10","total":"0"}
[2021-08-13T16:30:38.465] [INFO] info - post params:{}
[2021-08-13T16:30:41.125] [INFO] info - get params:{"userId":"","userName":"","state":"1","pageNum":"1","pageSize":"10","total":"0"}
[2021-08-13T16:30:41.126] [INFO] info - post params:{}
[2021-08-13T16:31:50.434] [INFO] info - ****数据库连接成功****
[2021-08-13T16:31:58.326] [INFO] info - ****数据库连接成功****
[2021-08-13T16:32:38.171] [INFO] info - ****数据库连接成功****
[2021-08-13T16:34:27.839] [INFO] info - ****数据库连接成功****
[2021-08-13T16:34:41.381] [INFO] info - ****数据库连接成功****
[2021-08-13T16:40:48.011] [INFO] info - ****数据库连接成功****
[2021-08-13T16:42:07.303] [INFO] info - ****数据库连接成功****
[2021-08-13T16:43:39.411] [INFO] info - ****数据库连接成功****
[2021-08-13T16:48:14.715] [INFO] info - ****数据库连接成功****
[2021-08-13T16:51:41.047] [INFO] info - ****数据库连接成功****
[2021-08-13T16:51:56.865] [INFO] info - ****数据库连接成功****
[2021-08-13T16:55:52.025] [INFO] info - ****数据库连接成功****
[2021-08-13T16:56:23.709] [INFO] info - ****数据库连接成功****
[2021-08-13T16:57:57.503] [INFO] info - ****数据库连接成功****
[2021-08-13T16:58:22.632] [INFO] info - ****数据库连接成功****
[2021-08-13T16:58:27.532] [INFO] info - ****数据库连接成功****
[2021-08-13T16:58:41.320] [INFO] info - get params:{"userId":"","userName":"","state":"1","pageNum":"1","pageSize":"10","total":"0"}
[2021-08-13T16:58:41.321] [INFO] info - post params:{}
[2021-08-13T17:00:10.742] [INFO] info - ****数据库连接成功****
[2021-08-13T17:02:02.154] [INFO] info - ****数据库连接成功****
[2021-08-13T17:03:42.680] [INFO] info - get params:{"userId":"","userName":"","state":"1","pageNum":"1","pageSize":"10","total":"0"}
[2021-08-13T17:03:42.681] [INFO] info - post params:{}
[2021-08-13T17:03:43.770] [INFO] info - get params:{"userId":"","userName":"","state":"1","pageNum":"1","pageSize":"10","total":"0"}
[2021-08-13T17:03:43.770] [INFO] info - post params:{}
[2021-08-13T17:03:45.248] [INFO] info - get params:{"userId":"","userName":"","state":"1","pageNum":"1","pageSize":"10","total":"0"}
[2021-08-13T17:03:45.248] [INFO] info - post params:{}
[2021-08-13T17:04:50.832] [INFO] info - get params:{"userId":"","userName":"","state":"1","pageNum":"1","pageSize":"10","total":"0"}
[2021-08-13T17:04:50.835] [INFO] info - post params:{}
[2021-08-13T17:05:37.240] [INFO] info - get params:{}
[2021-08-13T17:05:37.243] [INFO] info - post params:{"userName":"admin","userEmail":"admin@imooc.com","mobile":"18156831296","state":1,"deptId":["60167059c9027b7d2c520a61","60167345c6a4417f2d27506f"],"job":"前端架构师","roleList":["60180b07b1eaed6c45fbebdb","60180b80b1eaed6c45fbebe1"],"action":"add"}
[2021-08-13T17:05:37.315] [INFO] info - get params:{"userId":"","userName":"","state":"1","pageNum":"1","pageSize":"10","total":"0"}
[2021-08-13T17:05:37.316] [INFO] info - post params:{}
[2021-08-13T17:05:37.347] [INFO] info - get params:{"userId":"","userName":"","state":"1","pageNum":"1","pageSize":"10","total":"0"}
[2021-08-13T17:05:37.352] [INFO] info - post params:{}
[2021-08-13T17:06:22.466] [INFO] info - get params:{}
[2021-08-13T17:06:22.466] [INFO] info - post params:{"userName":"tom","userEmail":"tom@imooc.com","mobile":"18156831290","state":3,"deptId":["60167059c9027b7d2c520a61","6016728fc6a4417f2d27506e","60167621531124822b79e124"],"job":"java开发工程师","roleList":["60180b07b1eaed6c45fbebdb"],"action":"add"}
[2021-08-13T17:06:22.715] [INFO] info - get params:{"userId":"","userName":"","state":"1","pageNum":"1","pageSize":"10","total":"1"}
[2021-08-13T17:06:22.715] [INFO] info - post params:{}
[2021-08-13T17:06:22.810] [INFO] info - get params:{"userId":"","userName":"","state":"1","pageNum":"1","pageSize":"10","total":"1"}
[2021-08-13T17:06:22.811] [INFO] info - post params:{}
[2021-08-13T17:06:26.576] [INFO] info - get params:{"userId":"","userName":"","state":"0","pageNum":"1","pageSize":"10","total":"1"}
[2021-08-13T17:06:26.577] [INFO] info - post params:{}
[2021-08-13T17:07:07.409] [INFO] info - get params:{}
[2021-08-13T17:07:07.409] [INFO] info - post params:{"userName":"Elik","userEmail":"Elik@imooc.com","mobile":"18156831298","state":1,"deptId":["60167059c9027b7d2c520a61"],"job":"CEO","roleList":["60180b80b1eaed6c45fbebe1"],"action":"add"}
[2021-08-13T17:07:07.660] [INFO] info - get params:{"userId":"","userName":"","state":"0","pageNum":"1","pageSize":"10","total":"2"}
[2021-08-13T17:07:07.660] [INFO] info - post params:{}
[2021-08-13T17:07:07.751] [INFO] info - get params:{"userId":"","userName":"","state":"0","pageNum":"1","pageSize":"10","total":"2"}
[2021-08-13T17:07:07.751] [INFO] info - post params:{}
[2021-08-13T17:07:10.564] [INFO] info - get params:{"userId":"","userName":"","state":"1","pageNum":"1","pageSize":"10","total":"0"}
[2021-08-13T17:07:10.564] [INFO] info - post params:{}
[2021-08-13T17:07:11.992] [INFO] info - get params:{"userId":"","userName":"","state":"1","pageNum":"1","pageSize":"10","total":"0"}
[2021-08-13T17:07:11.993] [INFO] info - post params:{}
[2021-08-13T17:07:12.880] [INFO] info - get params:{"userId":"","userName":"","state":"1","pageNum":"1","pageSize":"10","total":"0"}
[2021-08-13T17:07:12.880] [INFO] info - post params:{}
[2021-08-13T17:07:13.623] [INFO] info - get params:{"userId":"","userName":"","state":"1","pageNum":"1","pageSize":"10","total":"0"}
[2021-08-13T17:07:13.624] [INFO] info - post params:{}
[2021-08-13T17:07:14.142] [INFO] info - get params:{"userId":"","userName":"","state":"1","pageNum":"1","pageSize":"10","total":"0"}
[2021-08-13T17:07:14.142] [INFO] info - post params:{}
[2021-08-13T17:07:14.765] [INFO] info - get params:{"userId":"","userName":"","state":"1","pageNum":"1","pageSize":"10","total":"0"}
[2021-08-13T17:07:14.766] [INFO] info - post params:{}
[2021-08-13T17:07:15.209] [INFO] info - get params:{"userId":"","userName":"","state":"1","pageNum":"1","pageSize":"10","total":"0"}
[2021-08-13T17:07:15.210] [INFO] info - post params:{}
[2021-08-13T17:08:06.054] [INFO] info - get params:{}
[2021-08-13T17:08:06.054] [INFO] info - post params:{"userName":"liiy","userEmail":"liiy@imooc.com","mobile":"18156832761","state":1,"deptId":["60167059c9027b7d2c520a61","6016734ec6a4417f2d275070"],"job":"测试","roleList":["60180b59b1eaed6c45fbebdc"],"action":"add"}
[2021-08-13T17:08:06.307] [INFO] info - get params:{"userId":"","userName":"","state":"1","pageNum":"1","pageSize":"10","total":"2"}
[2021-08-13T17:08:06.307] [INFO] info - post params:{}
[2021-08-13T17:08:06.403] [INFO] info - get params:{"userId":"","userName":"","state":"1","pageNum":"1","pageSize":"10","total":"2"}
[2021-08-13T17:08:06.404] [INFO] info - post params:{}
[2021-08-13T17:08:14.637] [INFO] info - get params:{"userId":"","userName":"","state":"1","pageNum":"1","pageSize":"10","total":"0"}
[2021-08-13T17:08:14.638] [INFO] info - post params:{}
[2021-08-13T17:08:23.864] [INFO] info - get params:{"userId":"","userName":"","state":"1","pageNum":"1","pageSize":"10","total":"0"}
[2021-08-13T17:08:23.865] [INFO] info - post params:{}
[2021-08-13T17:08:24.951] [INFO] info - get params:{"userId":"","userName":"","state":"1","pageNum":"1","pageSize":"10","total":"0"}
[2021-08-13T17:08:24.952] [INFO] info - post params:{}
[2021-08-13T17:08:28.914] [INFO] info - get params:{"userId":"","userName":"","state":"1","pageNum":"1","pageSize":"10","total":"0"}
[2021-08-13T17:08:28.914] [INFO] info - post params:{}
[2021-08-13T17:08:30.151] [INFO] info - get params:{"userId":"","userName":"","state":"1","pageNum":"1","pageSize":"10","total":"0"}
[2021-08-13T17:08:30.151] [INFO] info - post params:{}
[2021-08-13T17:08:36.161] [INFO] info - get params:{"userId":"","userName":"","state":"0","pageNum":"1","pageSize":"10","total":"3"}
[2021-08-13T17:08:36.161] [INFO] info - post params:{}
[2021-08-13T17:08:39.132] [INFO] info - get params:{"userId":"","userName":"","state":"1","pageNum":"1","pageSize":"10","total":"0"}
[2021-08-13T17:08:39.137] [INFO] info - post params:{}
[2021-08-13T17:10:42.151] [INFO] info - get params:{"userId":"","userName":"","state":"1","pageNum":"1","pageSize":"10","total":"0"}
[2021-08-13T17:10:42.152] [INFO] info - post params:{}
[2021-08-13T17:10:45.514] [INFO] info - get params:{"userId":"","userName":"","state":"1","pageNum":"1","pageSize":"10","total":"0"}
[2021-08-13T17:10:45.514] [INFO] info - post params:{}
[2021-08-13T17:10:46.769] [INFO] info - get params:{"userId":"","userName":"","state":"1","pageNum":"1","pageSize":"10","total":"0"}
[2021-08-13T17:10:46.770] [INFO] info - post params:{}
[2021-08-13T17:10:47.627] [INFO] info - get params:{"userId":"","userName":"","state":"1","pageNum":"1","pageSize":"10","total":"0"}
[2021-08-13T17:10:47.627] [INFO] info - post params:{}
[2021-08-13T17:10:48.387] [INFO] info - get params:{"userId":"","userName":"","state":"1","pageNum":"1","pageSize":"10","total":"0"}
[2021-08-13T17:10:48.387] [INFO] info - post params:{}
[2021-08-13T17:10:49.309] [INFO] info - get params:{"userId":"","userName":"","state":"1","pageNum":"1","pageSize":"10","total":"0"}
[2021-08-13T17:10:49.310] [INFO] info - post params:{}
[2021-08-13T17:10:49.920] [INFO] info - get params:{"userId":"","userName":"","state":"1","pageNum":"1","pageSize":"10","total":"0"}
[2021-08-13T17:10:49.920] [INFO] info - post params:{}
[2021-08-13T17:10:55.735] [INFO] info - get params:{"userId":"","userName":"","state":"0","pageNum":"1","pageSize":"10","total":"3"}
[2021-08-13T17:10:55.736] [INFO] info - post params:{}
[2021-08-13T17:11:03.879] [INFO] info - get params:{}
[2021-08-13T17:11:03.879] [INFO] info - post params:{"userIds":[1000003]}
[2021-08-13T17:11:04.130] [INFO] info - get params:{"userId":"","userName":"","state":"0","pageNum":"1","pageSize":"10","total":"4"}
[2021-08-13T17:11:04.131] [INFO] info - post params:{}
[2021-08-13T17:11:10.948] [INFO] info - get params:{"userId":"","userName":"","state":"1","pageNum":"1","pageSize":"10","total":"0"}
[2021-08-13T17:11:10.948] [INFO] info - post params:{}
[2021-08-13T17:11:13.615] [INFO] info - get params:{"userId":"","userName":"","state":"0","pageNum":"1","pageSize":"10","total":"3"}
[2021-08-13T17:11:13.615] [INFO] info - post params:{}
[2021-08-13T17:15:43.890] [INFO] info - ****数据库连接成功****
[2021-08-13T18:06:09.291] [INFO] info - ****数据库连接成功****
[2021-08-16T09:58:44.665] [INFO] info - ****数据库连接成功****
[2021-08-16T10:36:42.157] [INFO] info - get params:{"userId":"","userName":"","state":"1","pageNum":"1","pageSize":"10","total":"0"}
[2021-08-16T10:36:51.241] [INFO] info - post params:{}
[2021-08-16T10:36:51.262] [INFO] info - get params:{"userId":"","userName":"","state":"1","pageNum":"1","pageSize":"10","total":"0"}
[2021-08-16T10:36:51.263] [INFO] info - post params:{}
[2021-08-16T10:36:55.345] [INFO] info - get params:{}
[2021-08-16T10:36:55.345] [INFO] info - post params:{"userName":"admin","userPwd":"test"}
[2021-08-16T10:52:40.999] [INFO] info - get params:{}
[2021-08-16T10:52:41.000] [INFO] info - post params:{"userName":"admin","userPwd":"e10adc3949ba59abbe56e057f20f883e"}
[2021-08-16T10:52:44.064] [INFO] info - get params:{"userId":"","userName":"","state":"1","pageNum":"1","pageSize":"10","total":"0"}
[2021-08-16T10:52:44.065] [INFO] info - post params:{}
[2021-08-17T09:07:15.220] [INFO] info - get params:{"userId":"","userName":"","state":"1","pageNum":"1","pageSize":"10","total":"0"}
[2021-08-17T09:07:15.225] [INFO] info - post params:{}
[2021-08-17T09:07:18.461] [INFO] info - get params:{}
[2021-08-17T09:07:18.462] [INFO] info - post params:{"userName":"admin","userPwd":"e10adc3949ba59abbe56e057f20f883e"}
[2021-08-17T09:07:22.161] [INFO] info - get params:{"userId":"","userName":"","state":"1","pageNum":"1","pageSize":"10","total":"0"}
[2021-08-17T09:07:22.161] [INFO] info - post params:{}
[2021-08-17T09:07:25.312] [INFO] info - get params:{"userId":"","userName":"","state":"1","pageNum":"1","pageSize":"10","total":"0"}
[2021-08-17T09:07:25.313] [INFO] info - post params:{}
[2021-08-17T09:07:27.052] [INFO] info - get params:{"userId":"","userName":"","state":"1","pageNum":"1","pageSize":"10","total":"0"}
[2021-08-17T09:07:27.052] [INFO] info - post params:{}
[2021-08-17T09:07:31.340] [INFO] info - get params:{"userId":"","userName":"","state":"1","pageNum":"1","pageSize":"10","total":"0"}
[2021-08-17T09:07:31.340] [INFO] info - post params:{}
[2021-08-17T13:56:57.768] [INFO] info - get params:{"userId":"","userName":"","state":"1","pageNum":"1","pageSize":"10","total":"0"}
[2021-08-17T13:56:57.776] [INFO] info - post params:{}
[2021-08-17T13:57:00.733] [INFO] info - get params:{}
[2021-08-17T13:57:00.735] [INFO] info - post params:{"userName":"admin","userPwd":"e10adc3949ba59abbe56e057f20f883e"}
[2021-08-17T13:57:03.131] [INFO] info - get params:{"userId":"","userName":"","state":"1","pageNum":"1","pageSize":"10","total":"0"}
[2021-08-17T13:57:03.132] [INFO] info - post params:{}
[2021-08-17T16:54:55.330] [INFO] info - ****数据库连接成功****
[2021-08-17T16:59:38.483] [INFO] info - ****数据库连接成功****
[2021-08-17T17:01:14.275] [INFO] info - ****数据库连接成功****
[2021-08-17T17:01:39.871] [INFO] info - ****数据库连接成功****
[2021-08-17T17:01:58.773] [INFO] info - ****数据库连接成功****
[2021-08-17T17:02:16.962] [INFO] info - ****数据库连接成功****
[2021-08-17T17:03:21.017] [INFO] info - ****数据库连接成功****
[2021-08-17T17:04:45.288] [INFO] info - ****数据库连接成功****
